2020.10.11 13:45:08 INFO  started: Metals version 0.9.4 in workspace 'C:\Users\omokehinde\Documents\NodeProjects\react\amazon-clone' for client vscode.
2020.10.11 13:45:09 INFO  time: initialize in 0.57s
2020.10.11 13:45:16 WARN  no build tool detected in workspace 'C:\Users\omokehinde\Documents\NodeProjects\react\amazon-clone'. The most common cause for this problem is that the editor was opened in the wrong working directory, for example if you use sbt then the workspace directory should contain build.sbt. 
2020.10.18 00:16:55 INFO  started: Metals version 0.9.4 in workspace 'C:\Users\omokehinde\Documents\NodeProjects\react\amazon-clone' for client vscode.
2020.10.18 00:16:56 INFO  time: initialize in 1.33s
2020.10.18 00:17:18 WARN  no build tool detected in workspace 'C:\Users\omokehinde\Documents\NodeProjects\react\amazon-clone'. The most common cause for this problem is that the editor was opened in the wrong working directory, for example if you use sbt then the workspace directory should contain build.sbt. 
2020.11.06 00:07:39 INFO  started: Metals version 0.9.4 in workspace 'C:\Users\omokehinde\Documents\NodeProjects\react\amazon-clone' for client vscode.
2020.11.06 00:07:42 INFO  time: initialize in 3.12s
2020.11.06 00:08:01 WARN  no build tool detected in workspace 'C:\Users\omokehinde\Documents\NodeProjects\react\amazon-clone'. The most common cause for this problem is that the editor was opened in the wrong working directory, for example if you use sbt then the workspace directory should contain build.sbt. 
2020.11.06 12:38:06 INFO  started: Metals version 0.9.4 in workspace 'C:\Users\omokehinde\Documents\NodeProjects\react\amazon-clone' for client vscode.
2020.11.06 12:38:07 INFO  time: initialize in 1.65s
2020.11.06 12:38:20 WARN  no build tool detected in workspace 'C:\Users\omokehinde\Documents\NodeProjects\react\amazon-clone'. The most common cause for this problem is that the editor was opened in the wrong working directory, for example if you use sbt then the workspace directory should contain build.sbt. 
2020.11.06 13:42:10 INFO  started: Metals version 0.9.4 in workspace 'C:\Users\omokehinde\Documents\NodeProjects\react\amazon-clone' for client vscode.
2020.11.06 13:42:10 INFO  time: initialize in 0.65s
2020.11.06 13:42:24 WARN  no build tool detected in workspace 'C:\Users\omokehinde\Documents\NodeProjects\react\amazon-clone'. The most common cause for this problem is that the editor was opened in the wrong working directory, for example if you use sbt then the workspace directory should contain build.sbt. 
2020.11.07 12:17:05 INFO  started: Metals version 0.9.4 in workspace 'C:\Users\omokehinde\Documents\NodeProjects\react\amazon-clone' for client vscode.
2020.11.07 12:17:06 INFO  time: initialize in 0.96s
2020.11.07 12:18:14 WARN  no build tool detected in workspace 'C:\Users\omokehinde\Documents\NodeProjects\react\amazon-clone'. The most common cause for this problem is that the editor was opened in the wrong working directory, for example if you use sbt then the workspace directory should contain build.sbt. 
2020.11.13 10:28:01 INFO  started: Metals version 0.9.4 in workspace 'C:\Users\omokehinde\Documents\NodeProjects\react\amazon-clone' for client vscode.
2020.11.13 10:28:02 INFO  time: initialize in 1.34s
2020.11.13 10:29:31 WARN  no build tool detected in workspace 'C:\Users\omokehinde\Documents\NodeProjects\react\amazon-clone'. The most common cause for this problem is that the editor was opened in the wrong working directory, for example if you use sbt then the workspace directory should contain build.sbt. 
2020.11.13 10:36:32 INFO  shutting down Metals
2020.11.14 10:45:51 INFO  Started: Metals version 0.9.5 in workspace 'C:\Users\omokehinde\Documents\NodeProjects\react\amazon-clone' for client vscode.
2020.11.14 10:45:52 INFO  time: initialize in 1.27s
2020.11.14 10:46:10 WARN  Build server is not auto-connectable.
2020.11.14 10:46:10 WARN  no build tool detected in workspace 'C:\Users\omokehinde\Documents\NodeProjects\react\amazon-clone'. The most common cause for this problem is that the editor was opened in the wrong working directory, for example if you use sbt then the workspace directory should contain build.sbt. 
2020.11.17 03:52:24 INFO  Started: Metals version 0.9.5 in workspace 'C:\Users\omokehinde\Documents\NodeProjects\react\amazon-clone' for client vscode.
2020.11.17 03:52:25 INFO  time: initialize in 1.09s
2020.11.17 03:52:32 WARN  Build server is not auto-connectable.
2020.11.17 03:52:32 WARN  no build tool detected in workspace 'C:\Users\omokehinde\Documents\NodeProjects\react\amazon-clone'. The most common cause for this problem is that the editor was opened in the wrong working directory, for example if you use sbt then the workspace directory should contain build.sbt. 
2020.11.18 11:51:04 INFO  Started: Metals version 0.9.5 in workspace 'C:\Users\omokehinde\Documents\NodeProjects\react\amazon-clone' for client vscode.
2020.11.18 11:51:05 INFO  time: initialize in 1.2s
2020.11.18 11:51:13 WARN  Build server is not auto-connectable.
2020.11.18 11:51:13 WARN  no build tool detected in workspace 'C:\Users\omokehinde\Documents\NodeProjects\react\amazon-clone'. The most common cause for this problem is that the editor was opened in the wrong working directory, for example if you use sbt then the workspace directory should contain build.sbt. 
2020.11.18 23:51:40 INFO  Started: Metals version 0.9.5 in workspace 'C:\Users\omokehinde\Documents\NodeProjects\react\amazon-clone' for client vscode.
2020.11.18 23:51:42 INFO  time: initialize in 1.42s
2020.11.18 23:51:49 WARN  Build server is not auto-connectable.
2020.11.18 23:51:49 WARN  no build tool detected in workspace 'C:\Users\omokehinde\Documents\NodeProjects\react\amazon-clone'. The most common cause for this problem is that the editor was opened in the wrong working directory, for example if you use sbt then the workspace directory should contain build.sbt. 
2020.11.20 16:17:27 INFO  Started: Metals version 0.9.5 in workspace 'C:\Users\omokehinde\Documents\NodeProjects\react\amazon-clone' for client vscode.
2020.11.20 16:17:28 INFO  time: initialize in 1.32s
2020.11.20 16:19:00 WARN  Build server is not auto-connectable.
2020.11.20 16:19:00 WARN  no build tool detected in workspace 'C:\Users\omokehinde\Documents\NodeProjects\react\amazon-clone'. The most common cause for this problem is that the editor was opened in the wrong working directory, for example if you use sbt then the workspace directory should contain build.sbt. 
2020.11.23 13:10:02 INFO  Started: Metals version 0.9.5 in workspace 'C:\Users\omokehinde\Documents\NodeProjects\react\amazon-clone' for client vscode.
2020.11.23 13:10:04 INFO  time: initialize in 1.29s
2020.11.23 13:10:10 WARN  Build server is not auto-connectable.
2020.11.23 13:10:10 WARN  no build tool detected in workspace 'C:\Users\omokehinde\Documents\NodeProjects\react\amazon-clone'. The most common cause for this problem is that the editor was opened in the wrong working directory, for example if you use sbt then the workspace directory should contain build.sbt. 
